#
# There is insufficient memory for the Java Runtime Environment to continue.
# Native memory allocation (mmap) failed to map 4128768 bytes for G1 virtual space
# Possible reasons:
#   The system is out of physical RAM or swap space
#   The process is running with CompressedOops enabled, and the Java Heap may be blocking the growth of the native heap
# Possible solutions:
#   Reduce memory load on the system
#   Increase physical memory or swap space
#   Check if swap backing store is full
#   Decrease Java heap size (-Xmx/-Xms)
#   Decrease number of Java threads
#   Decrease Java thread stack sizes (-Xss)
#   Set larger code cache with -XX:ReservedCodeCacheSize=
#   JVM is running with Zero Based Compressed Oops mode in which the Java heap is
#     placed in the first 32GB address space. The Java Heap base address is the
#     maximum limit for the native heap growth. Please use -XX:HeapBaseMinAddress
#     to set the Java Heap base and to place the Java Heap above 32GB virtual address.
# This output file may be truncated or incomplete.
#
#  Out of Memory Error (os_windows.cpp:3613), pid=3408, tid=8
#
# JRE version:  (17.0.9+9) (build )
# Java VM: OpenJDK 64-Bit Server VM (17.0.9+9, mixed mode, sharing, tiered, compressed oops, compressed class ptrs, g1 gc, windows-amd64)
# No core dump will be written. Minidumps are not enabled by default on client versions of Windows
#

---------------  S U M M A R Y ------------

Command Line: org.gradle.launcher.GradleMain -Dorg.gradle.jvmargs=-Xmx4096m --stop

Host: 11th Gen Intel(R) Core(TM) i5-11260H @ 2.60GHz, 12 cores, 15G,  Windows 11 , 64 bit Build 22621 (10.0.22621.3958)
Time: Wed Sep 25 15:33:20 2024 India Standard Time elapsed time: 0.012135 seconds (0d 0h 0m 0s)

---------------  T H R E A D  ---------------

Current thread (0x00000179c6360b20):  JavaThread "Unknown thread" [_thread_in_vm, id=8, stack(0x00000002ccc00000,0x00000002ccd00000)]

Stack: [0x00000002ccc00000,0x00000002ccd00000]
Native frames: (J=compiled Java code, j=interpreted, Vv=VM code, C=native code)
V  [jvm.dll+0x67cf49]
V  [jvm.dll+0x83478a]
V  [jvm.dll+0x83624e]
V  [jvm.dll+0x8368b3]
V  [jvm.dll+0x247f1f]
V  [jvm.dll+0x679d69]
V  [jvm.dll+0x66e6ba]
V  [jvm.dll+0x307e5b]
V  [jvm.dll+0x30f306]
V  [jvm.dll+0x35f0f8]
V  [jvm.dll+0x35f2ff]
V  [jvm.dll+0x2dea58]
V  [jvm.dll+0x2df9c4]
V  [jvm.dll+0x806031]
V  [jvm.dll+0x36cf31]
V  [jvm.dll+0x7e4aac]
V  [jvm.dll+0x3f07af]
V  [jvm.dll+0x3f23e1]
C  [jli.dll+0x528f]
C  [ucrtbase.dll+0x29333]
C  [KERNEL32.DLL+0x1257d]
C  [ntdll.dll+0x5af28]


---------------  P R O C E S S  ---------------

Threads class SMR info:
_java_thread_list=0x00007fff5dcdee98, length=0, elements={
}

Java Threads: ( => current thread )

Other Threads:
  0x00000179c63cc640 GCTaskThread "GC Thread#0" [stack: 0x00000002ccd00000,0x00000002cce00000] [id=26652]
  0x00000179c63dd150 ConcurrentGCThread "G1 Main Marker" [stack: 0x00000002cce00000,0x00000002ccf00000] [id=14544]
  0x00000179c63ddb70 ConcurrentGCThread "G1 Conc#0" [stack: 0x00000002ccf00000,0x00000002cd000000] [id=15796]

[error occurred during error reporting (printing all threads), id 0xc0000005, EXCEPTION_ACCESS_VIOLATION (0xc0000005) at pc=0x00007fff5d49f497]

VM state: not at safepoint (not fully initialized)

VM Mutex/Monitor currently owned by a thread:  ([mutex/lock_event])
[0x00000179c635b840] Heap_lock - owner thread: 0x00000179c6360b20

Heap address: 0x0000000704400000, size: 4028 MB, Compressed Oops mode: Zero based, Oop shift amount: 3

CDS archive(s) mapped at: [0x0000000000000000-0x0000000000000000-0x0000000000000000), size 0, SharedBaseAddress: 0x0000000800000000, ArchiveRelocationMode: 1.
Narrow klass base: 0x0000000000000000, Narrow klass shift: 0, Narrow klass range: 0x0

GC Precious Log:
<Empty>

Heap:
 garbage-first heap   total 0K, used 0K [0x0000000704400000, 0x0000000800000000)
  region size 2048K, 0 young (0K), 0 survivors (0K)

[error occurred during error reporting (printing heap information), id 0xc0000005, EXCEPTION_ACCESS_VIOLATION (0xc0000005) at pc=0x00007fff5d886c79]

GC Heap History (0 events):
No events

Dll operation events (1 events):
Event: 0.008 Loaded shared library C:\Program Files\Unity\Hub\Editor\6000.0.4f1\Editor\Data\PlaybackEngines\AndroidPlayer\OpenJDK\bin\java.dll

Deoptimization events (0 events):
No events

Classes unloaded (0 events):
No events

Classes redefined (0 events):
No events

Internal exceptions (0 events):
No events

VM Operations (0 events):
No events

Events (0 events):
No events


Dynamic libraries:
0x00007ff74a280000 - 0x00007ff74a28e000 	C:\Program Files\Unity\Hub\Editor\6000.0.4f1\Editor\Data\PlaybackEngines\AndroidPlayer\OpenJDK\bin\java.exe
0x00007ff807e90000 - 0x00007ff8080a7000 	C:\WINDOWS\SYSTEM32\ntdll.dll
0x00007ff806730000 - 0x00007ff8067f4000 	C:\WINDOWS\System32\KERNEL32.DLL
0x00007ff805720000 - 0x00007ff805acd000 	C:\WINDOWS\System32\KERNELBASE.dll
0x00007ff8051b0000 - 0x00007ff8052c1000 	C:\WINDOWS\System32\ucrtbase.dll
0x00007ffffd950000 - 0x00007ffffd967000 	C:\Program Files\Unity\Hub\Editor\6000.0.4f1\Editor\Data\PlaybackEngines\AndroidPlayer\OpenJDK\bin\jli.dll
0x00007ffffd750000 - 0x00007ffffd76b000 	C:\Program Files\Unity\Hub\Editor\6000.0.4f1\Editor\Data\PlaybackEngines\AndroidPlayer\OpenJDK\bin\VCRUNTIME140.dll
0x00007ff8070f0000 - 0x00007ff80729e000 	C:\WINDOWS\System32\USER32.dll
0x00007ff805340000 - 0x00007ff805366000 	C:\WINDOWS\System32\win32u.dll
0x00007fffe8f70000 - 0x00007fffe9203000 	C:\WINDOWS\WinSxS\amd64_microsoft.windows.common-controls_6595b64144ccf1df_6.0.22621.3672_none_2713b9d173822955\COMCTL32.dll
0x00007ff806d10000 - 0x00007ff806d39000 	C:\WINDOWS\System32\GDI32.dll
0x00007ff807c90000 - 0x00007ff807d37000 	C:\WINDOWS\System32\msvcrt.dll
0x00007ff805580000 - 0x00007ff805699000 	C:\WINDOWS\System32\gdi32full.dll
0x00007ff805370000 - 0x00007ff80540a000 	C:\WINDOWS\System32\msvcp_win.dll
0x00007ff807da0000 - 0x00007ff807dd1000 	C:\WINDOWS\System32\IMM32.DLL
0x00007ffffd940000 - 0x00007ffffd94c000 	C:\Program Files\Unity\Hub\Editor\6000.0.4f1\Editor\Data\PlaybackEngines\AndroidPlayer\OpenJDK\bin\vcruntime140_1.dll
0x00007fffeaba0000 - 0x00007fffeac2d000 	C:\Program Files\Unity\Hub\Editor\6000.0.4f1\Editor\Data\PlaybackEngines\AndroidPlayer\OpenJDK\bin\msvcp140.dll
0x00007fff5d1b0000 - 0x00007fff5de11000 	C:\Program Files\Unity\Hub\Editor\6000.0.4f1\Editor\Data\PlaybackEngines\AndroidPlayer\OpenJDK\bin\server\jvm.dll
0x00007ff806d50000 - 0x00007ff806e02000 	C:\WINDOWS\System32\ADVAPI32.dll
0x00007ff805d30000 - 0x00007ff805dd9000 	C:\WINDOWS\System32\sechost.dll
0x00007ff805b90000 - 0x00007ff805bb8000 	C:\WINDOWS\System32\bcrypt.dll
0x00007ff807750000 - 0x00007ff807864000 	C:\WINDOWS\System32\RPCRT4.dll
0x00007ff804030000 - 0x00007ff80407d000 	C:\WINDOWS\SYSTEM32\POWRPROF.dll
0x00007ffffceb0000 - 0x00007ffffcee4000 	C:\WINDOWS\SYSTEM32\WINMM.dll
0x00007ffffc5e0000 - 0x00007ffffc5e9000 	C:\WINDOWS\SYSTEM32\WSOCK32.dll
0x00007ffffc740000 - 0x00007ffffc74a000 	C:\WINDOWS\SYSTEM32\VERSION.dll
0x00007ff807070000 - 0x00007ff8070e1000 	C:\WINDOWS\System32\WS2_32.dll
0x00007ff804010000 - 0x00007ff804023000 	C:\WINDOWS\SYSTEM32\UMPDC.dll
0x00007ff8042d0000 - 0x00007ff8042e8000 	C:\WINDOWS\SYSTEM32\kernel.appcore.dll
0x00007ffffd740000 - 0x00007ffffd74a000 	C:\Program Files\Unity\Hub\Editor\6000.0.4f1\Editor\Data\PlaybackEngines\AndroidPlayer\OpenJDK\bin\jimage.dll
0x00007ff8029f0000 - 0x00007ff802c22000 	C:\WINDOWS\SYSTEM32\DBGHELP.DLL
0x00007ff807900000 - 0x00007ff807c8e000 	C:\WINDOWS\System32\combase.dll
0x00007ff807670000 - 0x00007ff807747000 	C:\WINDOWS\System32\OLEAUT32.dll
0x00007ffff0c80000 - 0x00007ffff0cb2000 	C:\WINDOWS\SYSTEM32\dbgcore.DLL
0x00007ff8056a0000 - 0x00007ff80571b000 	C:\WINDOWS\System32\bcryptPrimitives.dll
0x00007fffeab70000 - 0x00007fffeab95000 	C:\Program Files\Unity\Hub\Editor\6000.0.4f1\Editor\Data\PlaybackEngines\AndroidPlayer\OpenJDK\bin\java.dll

dbghelp: loaded successfully - version: 4.0.5 - missing functions: none
symbol engine: initialized successfully - sym options: 0x614 - pdb path: .;C:\Program Files\Unity\Hub\Editor\6000.0.4f1\Editor\Data\PlaybackEngines\AndroidPlayer\OpenJDK\bin;C:\WINDOWS\SYSTEM32;C:\WINDOWS\WinSxS\amd64_microsoft.windows.common-controls_6595b64144ccf1df_6.0.22621.3672_none_2713b9d173822955;C:\Program Files\Unity\Hub\Editor\6000.0.4f1\Editor\Data\PlaybackEngines\AndroidPlayer\OpenJDK\bin\server

VM Arguments:
java_command: org.gradle.launcher.GradleMain -Dorg.gradle.jvmargs=-Xmx4096m --stop
java_class_path (initial): C:\Program Files\Unity\Hub\Editor\6000.0.4f1\Editor\Data\PlaybackEngines\AndroidPlayer\Tools\gradle\lib\gradle-launcher-8.4.jar
Launcher Type: SUN_STANDARD

[Global flags]
     intx CICompilerCount                          = 4                                         {product} {ergonomic}
     uint ConcGCThreads                            = 3                                         {product} {ergonomic}
     uint G1ConcRefinementThreads                  = 10                                        {product} {ergonomic}
   size_t G1HeapRegionSize                         = 2097152                                   {product} {ergonomic}
    uintx GCDrainStackTargetSize                   = 64                                        {product} {ergonomic}
   size_t InitialHeapSize                          = 264241152                                 {product} {ergonomic}
   size_t MarkStackSize                            = 4194304                                   {product} {ergonomic}
   size_t MaxHeapSize                              = 4223664128                                {product} {ergonomic}
   size_t MinHeapDeltaBytes                        = 2097152                                   {product} {ergonomic}
   size_t MinHeapSize                              = 8388608                                   {product} {ergonomic}
    uintx NonNMethodCodeHeapSize                   = 5839372                                {pd product} {ergonomic}
    uintx NonProfiledCodeHeapSize                  = 122909434                              {pd product} {ergonomic}
    uintx ProfiledCodeHeapSize                     = 122909434                              {pd product} {ergonomic}
    uintx ReservedCodeCacheSize                    = 251658240                              {pd product} {ergonomic}
     bool SegmentedCodeCache                       = true                                      {product} {ergonomic}
   size_t SoftMaxHeapSize                          = 4223664128                             {manageable} {ergonomic}
     bool UseCompressedClassPointers               = true                           {product lp64_product} {ergonomic}
     bool UseCompressedOops                        = true                           {product lp64_product} {ergonomic}
     bool UseG1GC                                  = true                                      {product} {ergonomic}
     bool UseLargePagesIndividualAllocation        = false                                  {pd product} {ergonomic}

Logging:
Log output configuration:
 #0: stdout all=warning uptime,level,tags
 #1: stderr all=off uptime,level,tags

Environment Variables:
JAVA_HOME=C:\Program Files\Unity\Hub\Editor\6000.0.4f1\Editor\Data\PlaybackEngines\AndroidPlayer\OpenJDK
PATH=C:\Program Files\Microsoft\jdk-17.0.10.7-hotspot\bin;C:\Windows\system32;C:\Windows;C:\Windows\System32\Wbem;C:\Windows\System32\WindowsPowerShell\v1.0\;C:\Windows\System32\OpenSSH\;C:\Program Files\dotnet\;C:\Program Files (x86)\NVIDIA Corporation\PhysX\Common;C:\Program Files\NVIDIA Corporation\NVIDIA NvDLISR;C:\WINDOWS\system32;C:\WINDOWS;C:\WINDOWS\System32\Wbem;C:\WINDOWS\System32\WindowsPowerShell\v1.0\;C:\WINDOWS\System32\OpenSSH\;C:\Program Files (x86)\Dev-Cpp\MinGW64\bin;C:\Users\DELL\AppData\Local\Packages\PythonSoftwareFoundation.Python.3.10_qbz5n2kfra8p0\LocalCache\local-packages\Python310\Scripts;C:\Program Files (x86)\Steam\steamapps\common\Steamworks Shared\_CommonRedist\vcredist\2015;C:\Program Files (x86)\Microsoft SQL Server\150\Tools\Binn\;C:\Program Files\Microsoft SQL Server\150\Tools\Binn\;C:\Program Files (x86)\Microsoft SQL Server\150\DTS\Binn\;C:\Program Files\Microsoft SQL Server\150\DTS\Binn\;C:\Program Files\Microsoft SQL Server\Client SDK\ODBC\170\Tools\Binn\;C:\Program Files\Azure Data Studio\bin;C:\Program Files\nodejs\;C:\ProgramData\chocolatey\bin;C:\Users\DELL\AppData\Local\Android\sdk1\platform-tools;C:\Users\DELL\AppData\Local\Android\sdk1\emulator;C:\Users\DELL\AppData\Local\Android\sdk1\tools;C:\Users\DELL\AppData\Local\Android\sdk1\tools\bin;C:\Program Files (x86)\Microsoft SQL Server\160\Tools\Binn\;C:\Program Files\Microsoft SQL Server\160\Tools\Binn\;C:\Program Files\Microsoft SQL Server\160\DTS\Binn\;C:\Program Files (x86)\Windows Kits\10\Windows Performance Toolkit\;C:\Program Files\Git\cmd;C:\Program Files\Amazon\AWSCLIV2\;C:\Users\DELL\AppData\Local\Packages\PythonSoftwareFoundation.Python.3.11_qbz5n2kfra8p0\LocalCache\local-packages\Python311\Scripts;C:\Program Files\MySQL\MySQL Shell 8.0\bin\;C:\Users\DELL\AppData\Local\Microsoft\WindowsApps;C:\Users\DELL\AppData\Local\Programs\Microsoft VS Code\bin;C:\Program Files\JetBrains\IntelliJ IDEA Community Edition 2022.2.2\bin;C:\Program Files\JetBrains\PyCharm Community Ed
USERNAME=DELL
OS=Windows_NT
PROCESSOR_IDENTIFIER=Intel64 Family 6 Model 141 Stepping 1, GenuineIntel
TMP=C:\Users\DELL\AppData\Local\Temp
TEMP=C:\Users\DELL\AppData\Local\Temp



Periodic native trim disabled


---------------  S Y S T E M  ---------------

OS:
 Windows 11 , 64 bit Build 22621 (10.0.22621.3958)
OS uptime: 1 days 16:15 hours
Hyper-V role detected

CPU: total 12 (initial active 12) (6 cores per cpu, 2 threads per core) family 6 model 141 stepping 1 microcode 0x4e, cx8, cmov, fxsr, ht, mmx, 3dnowpref, sse, sse2, sse3, ssse3, sse4.1, sse4.2, popcnt, lzcnt, tsc, tscinvbit, avx, avx2, aes, erms, clmul, bmi1, bmi2, adx, avx512f, avx512dq, avx512cd, avx512bw, avx512vl, sha, fma, vzeroupper, avx512_vpopcntdq, avx512_vpclmulqdq, avx512_vaes, avx512_vnni, clflush, clflushopt, clwb, avx512_vbmi2, avx512_vbmi, hv
Processor Information for all 12 processors :
  Max Mhz: 2611, Current Mhz: 2611, Mhz Limit: 2611

Memory: 4k page, system-wide physical 16110M (1059M free)
TotalPageFile size 22158M (AvailPageFile size 8M)
current process WorkingSet (physical memory assigned to process): 11M, peak: 11M
current process commit charge ("private bytes"): 321M, peak: 325M

vm_info: OpenJDK 64-Bit Server VM (17.0.9+9) for windows-amd64 JRE (17.0.9+9), built on Oct 26 2023 14:01:42 by "admin" with MS VC++ 16.10 / 16.11 (VS2019)

END.
